<?xml version="1.0" encoding="UTF-8"?>
<!-- Generated by org.testng.reporters.JUnitXMLReporter -->
<testsuite ignored="0" hostname="PL-IN-PF4F99BY" failures="0" tests="14" name="Default test" time="431.233" errors="0" timestamp="2024-08-28T15:49:19 IST">
  <testcase classname="Client_Project.LoanAppCreation" name="LoginPage" time="3.088"/>
  <testcase classname="Client_Project.LoanAppCreation" name="LeadPageAccess" time="2.22"/>
  <testcase classname="Client_Project.LoanAppCreation" name="LeadFillDetails" time="3.001"/>
  <testcase classname="Client_Project.LoanAppCreation" name="ConvertToApplication" time="1.956"/>
  <testcase classname="Client_Project.LoanAppCreation" name="CreateApp1" time="21.819"/>
  <testcase classname="Client_Project.LoanAppCreation" name="CreateApp2" time="68.869"/>
  <testcase classname="Client_Project.LoanAppCreation" name="CreateApp3" time="40.214"/>
  <testcase classname="Client_Project.LoanAppCreation" name="CreateApp4" time="129.472"/>
  <testcase classname="Client_Project.LoanAppCreation" name="ParmanentAdd" time="60.347"/>
  <testcase classname="Client_Project.LoanAppCreation" name="SocioEconomicDetails" time="22.796"/>
  <testcase classname="Client_Project.LoanAppCreation" name="AssetDetails" time="21.93"/>
  <testcase classname="Client_Project.LoanAppCreation" name="Flowpage" time="16.967"/>
  <testcase classname="Client_Project.LoanAppCreation" name="LoanEligibility" time="16.081"/>
  <testcase classname="Client_Project.LoanAppCreation" name="BankVerification" time="20.882"/>
</testsuite> <!-- Default test -->
